a:\users\cours\c++_3d\x64\debug\glfw3.dll
a:\users\cours\c++_3d\c++_3d\x64\debug\vc143.pdb
a:\users\cours\c++_3d\c++_3d\x64\debug\vc143.idb
a:\users\cours\c++_3d\c++_3d\x64\debug\shader.obj
a:\users\cours\c++_3d\c++_3d\x64\debug\c++_3d.obj
a:\users\cours\c++_3d\c++_3d\x64\debug\c++_3d.ilk
a:\users\cours\c++_3d\x64\debug\c++_3d.pdb
a:\users\cours\c++_3d\c++_3d\x64\debug\c++_3d.tlog\c++_3d.write.1u.tlog
a:\users\cours\c++_3d\c++_3d\x64\debug\c++_3d.tlog\cl.command.1.tlog
a:\users\cours\c++_3d\c++_3d\x64\debug\c++_3d.tlog\cl.items.tlog
a:\users\cours\c++_3d\c++_3d\x64\debug\c++_3d.tlog\cl.read.1.tlog
a:\users\cours\c++_3d\c++_3d\x64\debug\c++_3d.tlog\cl.write.1.tlog
a:\users\cours\c++_3d\c++_3d\x64\debug\c++_3d.tlog\link.14492-cvtres.read.1.tlog
a:\users\cours\c++_3d\c++_3d\x64\debug\c++_3d.tlog\link.14492-cvtres.write.1.tlog
a:\users\cours\c++_3d\c++_3d\x64\debug\c++_3d.tlog\link.14492-rc.read.1.tlog
a:\users\cours\c++_3d\c++_3d\x64\debug\c++_3d.tlog\link.14492-rc.write.1.tlog
a:\users\cours\c++_3d\c++_3d\x64\debug\c++_3d.tlog\link.14492.read.1.tlog
a:\users\cours\c++_3d\c++_3d\x64\debug\c++_3d.tlog\link.14492.read.2.tlog
a:\users\cours\c++_3d\c++_3d\x64\debug\c++_3d.tlog\link.14492.write.1.tlog
a:\users\cours\c++_3d\c++_3d\x64\debug\c++_3d.tlog\link.command.1.tlog
a:\users\cours\c++_3d\c++_3d\x64\debug\c++_3d.tlog\link.read.1.tlog
a:\users\cours\c++_3d\c++_3d\x64\debug\c++_3d.tlog\link.secondary.1.tlog
a:\users\cours\c++_3d\c++_3d\x64\debug\c++_3d.tlog\link.write.1.tlog
